<?xml version="1.0" encoding="UTF-8"?>
<!-- Generated by org.testng.reporters.JUnitXMLReporter -->
<testsuite hostname="DESKTOP-DJJL8FR" ignored="0" name="OrangeHRM_TestCase" tests="3" failures="0" timestamp="19 Jul 2021 15:06:01 GMT" time="66.563" errors="0">
  <testcase name="tc101" time="18.223" classname="com.hrms.testscripts.TC_101"/>
  <testcase name="tc102" time="29.025" classname="com.hrms.testscripts.TC_102"/>
  <testcase name="tc103" time="19.271" classname="com.hrms.testscripts.TC_103"/>
</testsuite> <!-- OrangeHRM_TestCase -->
